<?xml version="1.0" encoding="UTF-8"?>
<!-- Generated by org.testng.reporters.JUnitReportReporter -->
<testsuite hostname="Bhavani" failures="0" tests="1" name="testCases.TC002_LoginPageTest" time="5.461" errors="0" timestamp="2024-09-17T14:25:14 EET" skipped="0">
  <testcase classname="testCases.TC002_LoginPageTest" name="loginTest" time="5.461"/>
</testsuite> <!-- testCases.TC002_LoginPageTest -->
